197     16419     25601     0.004999128063780238   0.003099740790895293
212     17665     525826     2.372972897439182e-05   2.6468306454026602e-05
315     82945     83072     7.713506573064357e-05   0.00010031891531462853
414     17413     139394     1.273264058106624e-05   4.15811031999908e-05
747     525315     2179080     3.467832688135652e-07   1.831300801642598e-07
2174     50177     541698     0.0006119967622456369   0.0021091196099337775
1651     1031     4213760     0.0022102973968622748   0.0005922418383818687
2280     17411     20994     0.0006040539325152836   0.00016766787993772748
1650     17425     2102273     3.8136077494008445e-05   1.683850683048848e-05
1046     16515     4202499     1.6795540223585854e-05   3.9148254443248194e-05
1830     3075     278593     0.0001498709132834846   6.874048034255137e-06
1703     17425     18480     0.0005726116553468746   4.177301890893609e-05
499     16419     25664     9.256430371990672e-05   2.8367730513841318e-05
1078     17413     33921     0.00621360360344652   0.004869480101035676
2325     17411     263233     0.0004773166054228109   0.00011470811798556367
1649     17442     17552     0.0008507551044910236   0.0002379333432533877
674     1665     541700     9.397863583722395e-05   5.7707325313474585e-05
421     17411     525856     1.2410522158369561e-05   5.2514267179631235e-05
2239     16899     2098179     0.0011146522735862325   0.00021375145824205024
1015     16515     35842     0.0011793569205440794   0.0006662825916276669
2328     17411     525825     0.0003011870522312667   0.0007249724812026245
1553     17417     66818     0.00034045571059858256   5.617729621288258e-05
536     1283     542722     0.0003397572237558046   5.243395275548346e-05
538     1065985     3293184     2.3022151139983614e-07   1.5458488339476953e-07
1736     1043     4213760     0.0005174641897279274   0.00019256553553643644
1877     17921     4734978     3.935576632313658e-06   2.873168846908341e-05
1629     17411     2195460     2.8444860673662706e-06   8.135847037750657e-06
2185     16899     4195841     8.951438923559817e-06   2.5357260102122886e-05
2172     1093     50688     4.8310072071944024e-05   2.7407838969952897e-05
2117     17411     18816     0.00029409668127286666   0.00015562779830861624
1944     16403     68610     9.78940985757239e-06   0.00016006718632586818
1697     540682     4228098     2.7740073342650846e-05   7.419427373834736e-06
24     17411     132099     0.024255445492947583   0.02298094804525303
672     17411     3670017     2.1452156980435434e-07   2.96122433469372e-06
1459     132106     1049634     1.0594726274497103e-05   8.414546375401043e-06
1080     540675     4211840     2.2621394168754476e-05   1.8112959105200586e-05
974     5123     147585     1.710835209054368e-05   2.529847203670459e-05
1301     43     49169     1.8716079855811967e-05   2.291185303938883e-05
543     50177     295938     0.0001254553783475255   0.00012038664935477409
1452     17411     1049634     0.0014216921544446866   0.0013645059486666526
483     771     4211713     3.6465206827173414e-05   6.592741502819162e-05
1088     33795     4734977     6.849675450499113e-05   0.0002459876185651761
1457     81923     82192     3.0118854034342295e-07   4.608801961223267e-07
219     19457     311298     1.222615254572916e-05   1.248929911239221e-05
1702     16899     4195331     0.027244076907642887   0.0019325284597633196
1126     16403     26626     0.0003354301545380668   5.701061108024261e-05
936     148481     1082370     0.0016132677473243832   0.0006253772829418972
1420     17411     40970     0.00022269409537830482   9.922467872181181e-05
928     1570     149506     0.00020960728102183897   5.7489019776320235e-05
669     148482     1180674     4.951882558244064e-05   6.930309044644784e-05
1097     1073     148482     0.0003042588552984989   0.00018375506181063245
1204     16403     262179     4.217122458959979e-06   3.116629990943228e-06
1268     17417     36994     1.7708851779902085e-05   1.2254092509959557e-05
2273     1155     148481     0.000876504739220386   0.0018267582604458944
1216     1043     1093     0.00023542722818029727   0.00017878929375968273
33     1031     4210691     0.0016252024159585622   0.0026108068876786786
1140     1217     50180     4.6942426255115635e-05   0.00015517641017756716
558     195     540675     4.6879897383554655e-06   8.017956608859115e-06
353     1186     148608     4.023086973766225e-05   1.99908745925438e-05
1916     1121     541698     6.916010929546575e-05   3.448411731725407e-05
800     17411     1052705     3.1738433199367944e-06   1.3465585879806945e-05
594     1091     4210946     2.5249854099216565e-05   8.059235917232776e-06
1338     17922     115712     2.4755706624319438e-05   8.136284757676687e-05
2276     17411     33857     0.0004794609383969933   0.0016800575316556982
2234     1043     2113539     6.256629896238693e-05   8.209589135628824e-05
1433     17411     2100225     0.0007469466522142951   0.0005369929052278256
2314     82945     279554     1.8061226782068736e-05   7.795471089857375e-05
1497     17411     525377     0.0015608315572476139   0.0007364255521312668
1777     1289     164866     3.225707845669929e-05   4.131234118361805e-05
1366     33795     34049     0.001095437231888906   0.0005480384332518628
1378     1283     50192     0.0052467181334236905   0.0007874479852273175
1461     16515     533506     3.0617150929199485e-05   4.2331084334205735e-05
208     1155     50178     0.021001548610454404   0.003346811571108728
1790     3075     147490     0.0004813471455380263   0.0002259982081057069
299     17425     1049730     0.00017205195004698216   0.0003029409976452768
900     17441     525346     8.005412810435569e-05   0.0002863767722952894
698     1155     1573890     1.6233120477491405e-05   3.6110531173848536e-05
768     17411     24579     0.0006261034806955256   0.014037672865513023
2184     49161     3146754     2.9758456466571385e-06   2.210038956281455e-06
1250     17411     17544     0.0007030667279439443   0.002098428465311904
1153     16391     22016     2.994751546671152e-05   4.941324380396366e-05
507     148481     541700     0.0007869319971592692   0.0007005674005653362
318     17413     1049634     0.0006599752148112651   0.001571264312273331
76     1059     82945     0.0018381711205938283   0.0018926426170071116
646     17411     24834     0.0001163765602734186   0.0002015418116431504
2163     1031     50180     0.010691022328032295   0.005776685124657003
1555     2563     4210691     0.00035848758122099315   0.00017213716767705073
2295     16451     21505     0.00029584571461939603   0.00023114306761945046
1288     24579     1056771     8.227058383836305e-06   1.5421548872690442e-05
1528     3075     49409     1.3165813782473218e-07   0.00011221458430211944
1417     1539     4210754     3.6702515869092515e-05   2.418501451575518e-05
1475     16403     19712     0.0002546962488066405   7.832706232512954e-05
489     17411     69638     3.310409543276704e-05   7.540082184359294e-05
1514     17411     525318     0.0030511961591590583   0.0028436273371969497
1387     18435     133123     0.0003846693093909804   0.00045396461182514253
290     49155     163906     6.346023535957358e-05   2.4139437513914085e-05
120     1043     1065986     0.008733500217889217   0.0014111047683490257
211     17411     526384     0.0006120905060062655   2.6911200450638734e-05
1906     4210691     4767744     4.37592519299395e-05   1.734431689539245e-05
1011     7169     50178     6.45306167273567e-06   9.984640394115545e-05
1356     33795     526465     0.0004179336500119352   0.00020555270342108536
1337     33795     1049857     0.00441681709510948   0.0005063664374374071
1625     1031     57346     0.008770659779185877   0.0009612170474627076
2011     9219     4212737     0.00043725416732801514   0.00018112690629035219
96     17413     17666     0.03336478796098328   0.0034586686582625532
1524     50180     148488     0.0005815913249289895   0.00011439029680862
1290     49170     5243906     0.0001222715266000145   1.9351177710634983e-05
1403     5123     147713     3.170879185172244e-06   1.123661078103404e-05
1397     21506     25616     2.369528422634522e-07   2.950213195669929e-05
1439     1035     151553     1.6066302062998815e-05   4.334305295282294e-05
274     1091     541728     7.427847193675398e-05   4.218937897382167e-05
1279     16451     3277824     1.470649159184533e-07   1.1557777170200371e-07
1371     17413     263202     0.00010838586992706422   0.00017837645483254042
2255     278531     2114562     1.7509134350226624e-05   3.308963252255642e-06
754     17417     1049730     2.2820216448912506e-05   0.00015704700665705954
1213     1539     4210817     4.1075205988530726e-05   7.219183531032915e-05
83     17411     1049857     0.01907794206515873   0.0015141357512840129
1838     16643     21536     9.61206493759904e-07   1.2091387488287549e-05
1989     17411     266243     9.028428907198842e-06   1.702967724540707e-05
305     17413     17476     0.0005923348323962891   0.0014501684019662844
671     1065218     4719618     1.4688772745519766e-06   7.614282578784727e-07
1456     81985     4218882     1.7900132865178272e-07   2.4396293884792343e-07
1173     9221     1064994     0.0001358054396236796   2.8095731672409093e-05
1093     3082     1065474     1.0964744881770256e-06   2.7495971302497734e-06
2171     16395     19472     7.889386418956375e-05   0.0002747305199151108
346     9219     279042     3.7198396192800267e-06   3.5372908341198797e-06
2236     16515     4195331     0.00104013075127201   0.0010675207880049516
668     9219     2114561     0.00022867834197412437   0.00027332560427388515
1291     17414     18176     0.00016079661190120922   8.593654227552009e-05
185     82945     148481     0.002166333459120892   0.0004678882874953616
1781     16902     19458     0.0003365067278018718   0.0005660313935649769
1851     49155     4214785     1.2675702293838823e-05   5.146088842837334e-05
1413     18435     25089     0.0006111785424975875   0.00010246038480257577
677     17441     20738     1.2290648935008832e-05   7.233099764463162e-06
268     1283     541700     0.0018097592766706046   0.0009647675415330146
1679     2055     1065985     0.00018811259615575095   0.0003033875314944461
112     17413     17442     0.02296647567603357   0.022850905171682166
1575     17414     17418     0.0034807413530779673   0.0018174145971950383
550     66563     1049610     1.7551690903609845e-06   1.2210926018113904e-05
2327     16395     25602     0.001114153669713873   0.0003491813216211773
944     1031     1067010     0.0005981057570367085   0.0005421505368028459
1100     17417     41474     7.81746471014153e-06   1.5121172119097429e-05
1450     66563     181248     0.00011451696741420338   0.00023079830372753135
1990     17426     4341762     6.931983268460113e-05   8.252108726047924e-05
1692     1283     86018     1.3624176006736922e-05   1.2264079802204851e-05
1772     9219     2114688     2.76405953970581e-06   8.189045425203508e-06
675     16515     19712     0.0002690685733754364   9.985769617829321e-05
68     1043     541697     0.0005339389673292524   0.0016335811976585662
470     1048611     4195331     1.3634726025650126e-06   1.5002847229877972e-05
63     1283     148482     0.007907376666544166   0.0013665524844682438
1059     9250     81986     3.0448760770256645e-07   3.9132654670776253e-07
586     24579     27648     1.622303563116271e-05   0.00010280407645275073
352     524547     2099203     1.2239462775071284e-07   2.689489524320609e-07
804     132099     525377     1.1831947146925916e-05   3.3480005344304106e-05
5     17411     525315     0.009043141619278487   0.016600139119542424
257     1035     394241     9.521354397314649e-06   1.6446717588167833e-05
1526     17441     17922     0.0006204785252087783   0.0005044868669581022
942     17426     33858     2.5698558986674253e-05   6.250999426753509e-05
796     17537     17568     2.312909449044497e-05   0.0002400237787406869
991     1794     1066000     1.4603432142720256e-06   5.155120111994483e-06
653     17418     532498     1.587037806424917e-05   1.66206243930099e-06
1859     9226     49186     1.3104146884108827e-06   3.2747324202684604e-06
355     1064963     4228100     5.412221339705581e-06   2.160627724941736e-05
1313     33795     2100225     7.697575717913527e-05   0.00013994256845932743
1161     17411     18945     0.0002864016133193894   0.0015617966842095782
399     17441     4243457     5.9441115664989206e-05   0.0002689802554906919
802     82945     1180688     3.5915477028719786e-05   4.445314464860621e-06
2286     1064963     2114561     9.262733684448594e-05   3.861001431263659e-05
2283     1539     82946     0.000851244242991016   0.0010701271834887235
1072     17411     40994     0.00013769734051161933   0.00018791535090309494
970     17411     20483     2.715923434433896e-05   0.003473581113994009
555     17665     525952     2.8464011883902774e-05   8.007443467411239e-06
1586     132106     607232     5.878907759342275e-05   2.3874299689215427e-06
1663     16643     4195393     4.562346549188151e-07   8.140064421222017e-06
877     1539     1073153     7.577461773281723e-05   7.721344476747218e-05
1980     17411     17476     0.0005016026489424589   0.002983063803083021
78     16391     19457     0.02876099404274054   0.0348115507758464
2267     17411     263297     0.00034732969940402743   0.00042834009693163555
2324     81923     147459     0.0010873415551554049   0.0005113242209727571
570     16515     4198433     1.1940776403906377e-06   1.8970323692594218e-06
2053     17425     132130     6.167804723568902e-05   0.00032714333966066055
1468     3075     91136     0.00014983282433913352   0.00012183499154789892
1533     16391     19712     0.0007852222368224496   0.0003965270330080023
798     524803     529410     4.0865761518838234e-07   2.3664708648472496e-07
1151     4131     50178     3.82733704906119e-06   6.201267544598602e-05
16     17411     24594     0.012576603239220751   0.0008150353454554247
1794     17411     34305     0.00022765885428888686   0.0011071418856354763
1547     24579     532483     6.953578878417442e-05   2.5832367547579258e-05
1191     16453     22530     8.800002658362775e-07   2.150514719221412e-06
349     17411     133129     0.003829287392531558   0.0006663916015522943
863     17411     133186     3.2463793643808506e-05   8.53600898861932e-05
1255     18437     24706     4.073956110735086e-05   1.4544210873146376e-05
897     147     278546     4.030147400123471e-09   1.3673299217482123e-07
1725     17411     34946     0.0012712692916811313   0.001346877974281543
852     148481     1115138     8.130498038068928e-05   0.00013392350404097536
763     16403     25632     1.9354471242234543e-05   8.474813502188634e-05
1771     540675     4260865     2.0953940071002912e-05   4.771167131933287e-05
2016     1541     50178     0.0015357584992095462   0.0008022289042220165
1713     32787     180226     3.4354909408819906e-05   5.114314620211727e-05
2061     5126     2114562     3.819914667197131e-05   1.3207642062139604e-05
1376     16391     21505     0.0012204592813132387   0.0018787440021299105
2033     17413     139522     3.186000433345375e-05   1.2013708912436984e-05
2066     1155     2113539     5.302196679923879e-05   7.724787195484164e-05
2201     33795     1049603     0.0005046145583235588   0.0029750142212505884
546     9473     4326402     3.575553626784361e-05   1.2775252581401714e-05
830     17413     36882     3.216992910057102e-05   6.52378106963403e-05
1721     263173     1050113     3.9477636758670065e-07   9.547200459720805e-07
11     17411     17441     0.0035565582051778496   0.021534605300776687
210     16515     25601     0.0033556681731713315   0.0018726182647062569
2115     1091     2113539     5.395892557519089e-06   2.5747927812920025e-05
1808     1539     656392     6.110235499614862e-06   3.8170972672201225e-06
54     17411     528387     0.0016671003269524585   0.00022615669885413267
885     1037     148482     0.0027243560915766792   0.0005056405844817654
381     17411     1052930     9.907151208836124e-07   7.824463188815475e-06
1228     3075     4214786     3.8717118058905305e-05   2.4593455276294664e-05
2182     17411     36869     0.0010750680778721577   0.0007171954907684858
1541     5377     2622466     1.298018173847989e-05   7.699680457958208e-07
1164     16419     16522     1.9607029587482865e-05   7.538277644918171e-05
1932     4611     4210722     8.050029679019009e-06   3.023548299104241e-06
1265     1283     164865     0.00048012179739397905   0.00021955059305245957
1593     17411     263185     0.0013099881594342386   0.0007223944880436418
241     2179     4219904     9.065529373338402e-06   1.0654581412327874e-05
772     17411     1049609     0.0005866772378270751   0.0012904243675241735
1380     33795     133123     0.002947079305519081   0.0028825549409278494
1431     1155     51264     6.445860054433988e-05   4.1450054003277407e-05
1154     17413     1049633     0.00039941244684892167   0.0008760405208376864
556     4210691     4718597     7.659183122716292e-05   2.360787454357792e-05
1036     17411     133185     3.038093711573216e-05   8.674402589909267e-05
1516     18435     29696     2.2836282768585744e-05   2.1104133389847253e-05
695     16433     4195586     8.629053345466617e-06   5.190332484829456e-06
1647     17474     33922     0.0002496321296602974   0.00025080067941018054
982     3075     4211728     2.021115377657831e-05   8.648678035489816e-05
2210     147459     2114561     0.0003331887246748634   0.00014674893393822148
468     17413     532485     0.0005953533336927484   0.00030750966649894444
1556     17413     132114     9.777024837034184e-05   0.0006881856494961864
787     1049605     1049634     0.0001516522425837214   8.295285702995934e-05
2150     16405     19457     0.022395602187099677   0.0032829981463093497
31     16515     19458     0.027651796157767   0.001642930103240671
634     4194435     4734977     2.643217913322864e-07   2.008089255398688e-06
270     1283     148481     0.0018417519252347846   0.001497007808915505
818     16403     311297     7.479396522259784e-05   3.4427824484153606e-05
1660     16899     2098185     5.7992133085720575e-05   2.972126456579523e-05
748     17417     17568     0.0006514318666169151   0.0003585714287527559
592     1283     541952     5.01282221404018e-06   3.794257793644326e-05
2009     1073     50177     0.00039179644716728766   0.00044204993847232695
2246     1539     2113539     0.0005998811351604875   0.00012957420382179628
169     148482     148482     0.006209999076161922   0.001308806400206442
395     1045     1065985     0.0003128830745322855   0.0006243097862270047
249     50178     542722     8.395600439831625e-05   0.0001313562197712673
77     1059     541697     0.006488884272254856   0.0014716118420094442
2134     33795     1101824     6.0810150468801626e-05   3.641899308886019e-05
766     1035     1066240     7.19485896878999e-05   5.762647099930431e-05
1920     1569     82945     2.4989909466701243e-05   8.405035769960798e-05
511     3075     540801     8.789757208569529e-05   0.00011960497712043594
2256     16403     21506     0.0001443620875685752   0.0002764505694492001
1212     17413     18449     0.03448728841535171   0.004595015670829529
729     1031     1037     0.0056969532096226485   0.002576118992605582
2315     1283     1065985     0.00022966809793494703   0.0012366247929513155
1530     3075     49170     3.76351757418855e-05   0.000319025170366743
2218     17411     18946     0.0006602905020397947   0.0008603836412107959
1241     17411     4472833     0.0002795986759583059   8.02867748422813e-05
1695     17411     135186     1.8499294680276432e-06   4.6711269746627325e-05
1007     9219     147459     0.0002696865746946763   0.0008567101454413602
1559     148481     656640     1.1909718823061957e-05   2.7650703200846846e-06
1360     1091     57346     5.440826091614749e-06   4.751855148496444e-05
1914     17442     4276226     4.7902683190681706e-06   2.6211267681292656e-05
1190     19457     25616     2.817855683503278e-05   8.942587999264956e-05
1590     9219     81923     0.0006040028662775349   0.00034185117737717556
650     82945     558112     6.557461424883126e-05   2.6183424529567817e-05
1438     17411     20489     0.000808384182908893   0.0005922249319478723
433     17411     17922     0.0011528987851803943   0.004636666749448064
1642     17441     66690     0.0002070079907898838   0.0002987408346246313
333     278538     4326402     2.84860845567942e-07   2.9206586659860716e-07
2100     16391     37889     0.0005858143938424125   0.0007720742582587682
1061     1035     279680     8.917428962146655e-06   6.018497531002542e-06
1773     16643     1057793     2.9413284895101655e-05   5.2102707798332155e-05
1273     18435     4243458     0.0009005346684446089   0.00019303208910138528
809     17411     132228     0.00021107064782457886   0.0010184312320684445
1995     19457     671746     2.7202059345049e-06   3.2564786965637684e-05
1118     16546     25602     5.564286568652824e-05   3.782984885937937e-05
322     17414     1197056     1.1562854267180715e-05   9.901670396269467e-05
673     1121     148482     0.0001243660971069855   6.191178411003921e-05
2190     148484     279680     1.3660289391053328e-06   2.4348126500981706e-06
498     1283     794626     1.47359410767102e-06   4.777709313234961e-07
1502     1155     548896     6.182130552733552e-07   2.875756799396236e-06
1676     147459     4228097     0.0002455434615961114   0.00021371567099005912
2298     1059     2113539     0.0002556559792233427   0.00013634958068178588
730     1155     279554     4.8524413266581226e-05   7.650072688113042e-05
984     4103     99329     0.0005157820689699911   2.7671871741876804e-05
191     17411     2102273     0.0030237342096684234   0.00020307146277970711
163     16419     19457     0.002439215578190295   0.005677645492123066
1928     66563     4341762     4.102197875609339e-05   6.692578463324149e-05
1166     16403     21536     5.1267057353283685e-05   7.462654465070698e-05
573     17413     17417     0.03762015824740347   0.012210309307753736
1606     17411     132116     0.0007023287569833966   0.0010781296123931637
980     16545     26625     3.574387851840528e-05   2.2040559662913448e-05
746     18437     18442     0.0003855991808862092   9.386015147615108e-05
733     3075     147521     1.4742786572037933e-05   4.8366967040310646e-05
2330     17411     17952     0.0001688714485263206   0.0006905953078553767
2268     5123     4211714     0.0008163433583972439   0.0007699486020097474
749     66563     526593     4.479941025254865e-06   6.648554044306049e-06
2152     17413     1050629     0.0001468400779575953   0.0005644739392199414
416     1048835     4736000     3.071850352776744e-06   1.2263702775508015e-06
59     3075     4211714     0.008519492461993895   0.0010659109610324606
1974     132099     4197377     2.3058047667259823e-05   0.00010580683449716057
177     17411     17540     0.008117470680710242   0.008590041201291738
1390     1035     4227075     0.0003011316666198182   0.00011120876090667184
1800     17411     2179074     8.247851403771856e-06   3.381018048889194e-05
916     3075     81937     6.600491307159006e-05   0.0002637883361292793
2215     17411     69635     0.0011491497955666387   0.0002659722928332404
847     66563     263185     2.2612131736348087e-06   1.6256450084572593e-05
2203     17411     23552     0.0007835944795637317   0.0012547741944394777
393     17411     17418     7.269851431237143e-05   0.008316689454802424
961     1043     1311746     4.941438314422896e-06   5.591674782328519e-06
2272     1539     279554     1.1338109165740912e-05   3.482863047549941e-05
279     5123     540930     5.241173533387299e-06   5.396864257115827e-06
1363     17411     35074     1.785526107982658e-05   0.00022677421973500423
1133     17414     263216     1.3283673586524392e-05   1.064928340719352e-05
861     5123     1064970     3.6806025478908127e-06   3.032132001867239e-06
2139     17665     1049857     5.573078758265087e-06   3.214122574908144e-05
2147     16391     1049106     7.29144279266145e-06   8.542487622658891e-06
2254     16515     21506     0.0010501312252094654   0.00022876837160102208
277     17425     17600     1.0929239784732124e-05   0.00011106928521362869
227     17417     17442     0.0014220676145245414   0.0035431602320907755
767     17411     132612     0.00028137098331259023   0.0003087336512255263
1873     50178     148736     7.563397847988284e-05   5.026567674175292e-05
1769     541698     1065986     0.00031581035431396155   0.00012772980459298911
1522     16515     2105350     4.738725628838587e-06   2.5427796286825568e-06
1724     17411     139297     1.3114697389879845e-05   6.740179389044529e-05
1728     36867     2179074     1.3500359845089868e-06   1.6792276519132543e-07
1875     17425     132736     1.0038789039247506e-05   9.99085818994123e-06
1328     3106     49666     6.473037340943002e-05   1.2294279523359194e-05
236     1539     558082     0.0001934439055401565   9.668417086465367e-05
256     17411     66752     9.687586457710716e-06   4.2217784023011226e-05
716     17442     24712     3.0384639968030982e-06   8.38621253238116e-06
2065     278533     4211714     5.436556501267495e-06   6.093934813134752e-06
1073     17414     33810     0.005570582762453692   0.001552164539857501
1349     1059     148736     0.0001785311453482773   7.040164664082535e-05
225     1155     1298     4.115727759337374e-05   7.054812403839059e-05
1354     17413     132129     0.006115118088830437   0.0008623361145821198
1737     1035     1283     0.0006088541002622714   0.0002574962407759611
1573     531     49155     0.00013784467435883354   0.00013983904593996036
52     17411     17426     0.002865919229935528   0.02953642271742949
569     278546     4211714     1.7251311943815624e-06   2.8954061955264293e-06
1639     17426     17426     0.006502545657410836   0.001352977068354868
1691     16643     19458     5.8811350852974335e-05   0.0002889910098832857
34     1059     50178     0.027429333553121462   0.003804501051877451
1394     1043     2113569     1.0246077854357685e-05   1.2021427862532141e-05
2052     147473     1065090     1.9908559649633846e-06   2.693703724793986e-06
1982     540802     2114562     1.5204245528400096e-06   2.888985317245288e-06
1636     3075     147473     0.000836161345226884   0.00031049881428727713
1322     5126     82050     8.981218973886105e-07   2.0093132911543586e-06
1564     17425     17936     8.571349460152888e-06   9.660607221820859e-05
1519     16395     4277248     0.00020313323319050963   5.92733636561227e-05
880     19457     21506     0.0001033775490498776   0.0006117471849049455
119     1059     148481     3.816585997879064e-06   0.0012448624975178958
533     17474     29696     9.552296278406975e-07   8.325734432812611e-06
1339     20483     40963     6.066350693752764e-06   5.3797311726963e-05
662     17413     525570     0.00042214747987148933   0.00024001758572317797
704     524547     4195842     1.0262098781491455e-05   3.2585245119123043e-06
1818     40963     6308864     2.073250702145804e-06   3.715708675821503e-06
2278     1035     4210691     6.249283828307345e-05   0.00037488398250522676
2220     3075     2114562     5.427741309088295e-05   8.212933931113335e-05
2231     17473     17538     0.0010305852793024866   0.0007451478465823502
1249     17411     1131520     0.00040027927968643614   0.0005204844701652355
1148     1217     2118656     8.119231118558032e-08   7.982241843074682e-08
808     17413     17456     0.0026336740760167874   0.0009761450377783322
388     1073     1793     2.2220927393734406e-07   1.960556575869333e-06
1908     16899     4342784     1.2349612963001277e-05   8.753429723041178e-05
487     16451     134145     4.6601644367062824e-05   0.00019710905827480713
813     132099     525346     0.001074873332856087   0.00011671514872753411
527     147459     4326402     0.0002012825225352958   0.00013028828197318278
2055     1546     50178     2.2804236546762197e-06   2.308766197360971e-05
965     1043     558082     0.00021185052232570805   0.00020960659060291972
1135     17538     1049858     9.718076184534183e-05   2.15030694584818e-05
1260     3075     49169     0.003525190247487976   0.0008146139684429776
911     82945     151556     5.775594307613443e-07   3.247766207698677e-06
379     2179     90114     2.4997209007159855e-07   8.083366992021836e-07
1440     17411     34368     2.696763592805644e-05   4.0705580234320203e-05
1891     147459     2163713     3.127908496464016e-05   1.898570144441938e-05
1423     387     1070080     3.820120183937774e-06   4.254378790970019e-06
1144     17411     1049672     1.3686035924075108e-05   3.463981602544741e-05
947     8199     148482     0.0012462608423634812   0.00017239600777234766
2093     16391     311298     5.747418836366113e-06   3.366490039356669e-05
1071     17411     135428     4.775915612145356e-05   7.966009603711563e-06
1256     17473     4276240     1.9820271713764496e-06   1.7245176080551464e-06
501     17411     34882     0.00015654139236425643   0.00023284254109192168
1799     9219     147585     6.250628817614887e-06   3.563310411272095e-05
889     17411     20497     0.004666162466950469   0.0017933447193363874
1030     17411     135202     1.2801467275642813e-06   3.229705349364798e-05
2274     17411     2375681     7.310248371704238e-05   1.3070206918141994e-05
383     1569     1065988     9.875081563398695e-05   5.335524802590878e-05
230     1155     50192     0.0016959574026269447   0.0007888987967083626
2002     1043     3145731     8.890661558047962e-07   1.6592891208268317e-06
308     1283     4210817     5.476895448647998e-05   7.86651673133997e-05
1302     17413     2244672     5.608454398669417e-07   8.728515351904477e-07
1577     1035     57346     0.00017398579886290268   0.00015150237639750033
577     16643     2098241     3.575694958672067e-07   1.4922447029021121e-06
1483     263171     2179073     1.4608547870864923e-06   6.604514652905833e-07
1239     17441     1056898     4.647247441217186e-05   1.2442161656985533e-05
1427     1297     279554     6.817105957656934e-05   2.9484030325196646e-05
1582     17411     4358146     0.001037782557697776   0.00039078297481378584
1184     1035     1574016     8.093686554297948e-07   3.3566760032794267e-06
939     1157     50178     0.0002461137801844871   0.0013507328372999714
1364     1048587     1097730     4.141479842669549e-06   2.6085891153150835e-06
1950     1035     541712     3.891832773561362e-05   6.411753170093927e-05
39     1031     1065986     0.033580445202325955   0.004760800858415417
1901     17922     4751362     3.961775849032284e-05   1.8440890091103053e-05
903     148482     148608     4.766376273156608e-05   9.895203895110764e-05
1860     19458     344096     6.378751163445583e-08   1.4416718067023577e-07
1580     16517     5260288     1.7271458213171404e-06   1.2281880562588537e-05
1056     17441     40994     8.641198513094814e-05   4.508867948956472e-05
1750     81923     4212738     5.958663611040438e-05   3.354822713760624e-05
1084     17411     34821     0.006992778818317591   0.003829287392531558
1415     17411     73746     0.00024951416367968883   4.1861908038908386e-05
1874     82948     1066496     2.365395418914889e-05   1.3975094322751464e-05
456     17411     66696     0.0001546330086958014   0.00015719338256548358
770     387     4260866     9.899898480847408e-07   3.4518968063713617e-06
221     17411     18561     0.011900359819471755   0.008999608823145523
1829     16421     21632     1.776025729161893e-05   5.709135349822148e-06
1473     17428     27648     2.6767512438186474e-06   7.516986954453144e-05
1791     16515     2099206     7.32788744930844e-06   5.519127198362095e-06
715     1059     1074     5.504258406682918e-05   0.00017298027301364152
1388     278531     4326402     9.308970075240712e-06   6.084501283185144e-06
2097     17442     526466     0.00038235925708838197   8.67070801414805e-05
1903     3075     2115586     6.704161845161981e-07   9.107840905024931e-06
957     17411     312320     0.00045444884945367616   0.0004569114071926777
2189     1043     1069058     4.111911062363244e-05   2.009189751007747e-05
1111     1091     295938     2.466094616377704e-05   1.0911805925854823e-05
1576     16395     19712     1.3887967237842372e-05   4.7349394147621554e-05
1263     1539     4456451     2.3282196206677705e-07   1.9586438400841214e-06
919     16515     265218     9.504350408009226e-06   2.4388741371259584e-05
2266     17411     66578     0.0006367471342553333   0.0014276401066669062
1893     17411     525360     0.000228756566535201   0.00011901718771129454
198     17411     17668     0.03297217436059534   0.005491449143534504
1899     4163     53249     1.4690095272968234e-07   6.183786978409025e-07
392     1185     151554     2.608019217371951e-06   1.7604109116851124e-06
1141     17411     66704     0.00030591008576154566   0.0002749657509763305
502     17414     5767170     6.01341807883174e-05   4.409890200504957e-06
321     82945     558081     0.0007150850844265708   0.00016864446932314062
1039     16530     25602     0.0001228033662821071   2.466129816321223e-05
2317     17411     20546     0.0005100897637014848   9.216393003433435e-05
173     16391     19458     0.0058248152366954685   0.005141864235661452
1370     3075     147465     0.002274147744121876   0.0002260083819340883
174     17411     525570     0.00013480719073563516   0.0003219812779794744
2043     1283     50432     0.0004586371405728888   9.251228289737443e-05
259     1065026     4211728     1.1914793536501137e-07   3.7885630707487887e-07
1125     17426     132162     2.58414736296054e-05   3.216240655712284e-05
121     17411     20514     0.0017152081272954875   0.00029628471780852715
402     148484     541824     5.810909070064666e-05   1.9663642896946377e-05
918     17665     20738     2.238226639147592e-06   2.161237486614332e-06
575     1105     149505     2.221751198552802e-05   1.6531881250944286e-05
1218     1093     1065986     8.875748632407097e-05   0.00014293818649055497
795     17425     525572     9.956167043184367e-06   7.351927159077518e-05
2080     18435     20610     0.00011151608957495975   1.014420358546743e-05
148     17411     4341761     0.002823867322800939   0.0013221919188190693
2101     33795     132288     0.000144136238388441   4.653021934240401e-05
694     1061     286722     2.914655374221077e-06   2.6372028220032003e-06
1430     17441     132162     2.345541236032536e-05   3.743632501447307e-05
904     16515     19460     0.0017212393822722749   0.0012547507739360277
2176     1601     148482     1.7532757708286215e-05   4.65956070929427e-05
611     1409     57345     9.586927421886097e-05   4.747516305348284e-05
968     4210691     4210706     2.8565763272231767e-05   4.794040875397995e-05
576     17411     4521986     4.487758873545432e-07   1.8490684629329733e-06
2181     1035     53249     0.0001760839091680272   0.00010058482905070848
1788     2115     279553     0.00045748517549464295   6.253360860144748e-06
1511     387     91136     2.892749741808177e-06   5.942754233283732e-06
1257     1665     541698     2.0216191761524965e-05   4.4541818934437596e-05
2071     1155     541698     0.007960697970760136   0.0009058052349335343
1225     16403     19968     0.0002932278972391768   9.181053800631131e-05
736     17425     4341768     3.096743857875526e-05   6.7987926026733294e-06
462     519     4211714     4.743603275670927e-05   9.22270955631978e-05
1648     16451     19968     9.745258713792083e-05   6.639646918826419e-05
2076     17537     4203552     1.4941563265828964e-05   3.821122760829422e-06
423     17537     17696     0.0001290097120849982   8.90935507441537e-05
1809     1035     548866     2.705497655142056e-05   2.5312002888826373e-05
2088     66563     1049606     0.0004913117331597572   0.00019769034543730654
186     1043     50178     0.001039197568774117   0.0034518702762061215
1755     65543     4195331     8.735840251616144e-06   0.00012108578630987741
73     19457     25602     0.007931619080150772   0.0013058846230726189
1262     20483     24610     6.48831433542541e-06   6.602803525192319e-06
769     1097     148481     1.3334482266377078e-05   6.445803436406915e-05
1911     50177     1118210     5.5608908046046634e-06   3.486164756177e-06
1027     17413     18048     0.00032525873286915104   0.0004120310210365595
1734     17413     66628     0.00023343320452694718   0.0002880931791752342
1266     1031     83969     0.006795952843448763   0.002871035539461683
1918     17665     34306     0.00010533027195192072   5.5412897400713396e-05
2159     17921     2102274     6.144917331275265e-06   4.5149810658103405e-06
157     17411     34050     0.000172120158571172   0.0009326617764591056
229     17474     2106400     2.9828361798661424e-08   1.2073544665192492e-07
151     17411     525329     0.011217882919249033   0.0032595944268462287
107     17411     17504     0.0025376993273621006   0.0007245845401876813
1570     21505     25632     4.427846437432015e-06   2.7438610929733266e-05
2109     3105     4211714     9.634538772227971e-05   6.209838847732845e-05
654     49155     295425     2.1426687149423517e-05   6.613338342300913e-06
1988     1297     148488     2.143609945829772e-05   1.086391661327029e-05
136     16899     19457     0.0017209615969198656   0.0031759278829580472
647     17425     17476     0.002194999768425962   0.000576076191907132
1219     17537     17922     0.0005265742612646228   0.0006696349136842302
1240     131139     4195331     1.3493543064933805e-05   2.816565827691236e-05
901     17411     139270     0.0006844739918270723   0.00025484926101255963
2212     17411     2146305     0.0011484856928174747   0.0006448079165012119
525     4163     148482     1.0652043187020011e-05   5.963055154218915e-06
344     1065985     1180673     3.622986972961401e-05   8.102702512610962e-05
1952     11266     1065988     9.630815922971206e-06   1.2673141752656812e-05
2015     1059     544769     3.3248196538493926e-05   3.7412163946212495e-05
534     1793     541712     7.209496096816854e-06   3.7815563314329283e-06
2024     17413     68098     6.77118429995094e-05   6.779575585074306e-05
1477     9219     2625538     7.726322498253548e-09   5.100351610467556e-08
776     4103     50177     0.00011557593167311267   0.00029142697792962157
966     16515     16905     0.000166702802746899   0.00013549230018311924
1345     9219     294915     3.685831462368935e-06   6.541942609777883e-06
149     3075     147459     0.03625085916653698   0.0034389138718303176
1973     1035     590850     1.6198437818362466e-05   3.173111607408389e-05
1921     49409     1065473     1.8646792308926416e-06   5.029316868219195e-06
80     5123     2114561     0.005520909058492162   0.00028527054967043564
1134     1031     656385     0.0008683030978874677   0.000372934758032683
1871     17413     525441     0.002463818518069044   0.0009433343346310399
931     17474     410624     7.951049925317706e-05   5.427902216156491e-06
248     9219     557059     7.761701759866687e-06   7.628290361530397e-05
542     9249     84992     1.6802309360898904e-05   9.126389819525952e-06
280     1031     279554     0.0004124854738550972   0.00037034694016997043
56     1283     50177     0.003619456329853413   0.005198679335769183
1898     16391     25601     0.0015211843025371872   0.0077469258702119485
1237     1539     542736     7.133489099638754e-05   2.0276144530782064e-05
2023     132099     263202     6.500593291056026e-06   1.2173457189538916e-05
1761     17413     66565     0.013788936700537232   0.0058331159836648135
1615     17413     132101     0.0031659636501486224   0.0033196272077176837
1841     148482     279680     6.815197576107286e-06   9.439114191482432e-06
1377     17537     18690     0.0003604145148042426   7.137045837689275e-05
162     17411     17696     0.002032851746332593   0.0008274386727503262
354     16515     4196418     6.353762362428334e-06   7.668876952713822e-06
347     16451     4244480     4.952948317021554e-05   6.282264351377223e-05
1667     17537     17792     6.1052059836556634e-06   8.448558352999006e-05
616     1409     542722     3.9076452552546364e-05   1.1095623469460871e-05
70     17411     34049     0.0029650714942569367   0.002151204292891827
1493     17411     36874     4.106294093111427e-05   3.606409377644173e-05
36     16395     16515     0.0019204127254379216   0.0010451104206237044
2105     147459     2360322     2.9145945716334398e-08   2.3086521283909757e-07
1749     17411     18441     0.0044271755888355855   0.008182286811538103
203     17537     17666     0.0015748939689993842   0.0006847073797430935
118     16403     16403     0.0036388436213304074   0.0021198279841173244
756     1155     151554     7.30875562365745e-05   1.884590754786913e-05
1979     17413     525572     0.0009630789487425831   0.000197690019853991
55     17411     181248     0.0043392097202781185   0.0024290957889737995
1034     17417     1246208     3.34248011615245e-05   6.036200070767482e-06
723     81929     4211714     0.0001336569612029987   3.5019127749956736e-05
636     1091     542722     8.885830891665916e-05   2.825157420451003e-05
91     17411     525569     0.0015022693232356183   0.0014986095821885237
2183     17413     133138     8.650862365150948e-05   0.00020287111706940192
1536     2083     1065986     0.00016439432876690034   5.61316713140302e-05
1350     2055     82946     0.00017495567255936987   0.00012958715077020184
702     17411     132354     0.0004259882603322705   0.000448009105079112
1523     18435     24593     6.883435878141506e-05   0.000244783703491068
13     17411     18442     0.00573160462086287   0.0018245072428007888
978     16409     19458     3.077555613934614e-05   0.00015954090008420021
365     17413     525472     0.00020233923464174703   0.00010527252149919385
703     49155     4214786     3.132331581075244e-05   3.0206283480542614e-05
1978     16403     16481     6.570044364396577e-06   2.6252482620238938e-05
1957     17425     17448     0.0017059620134731836   0.0002982135405939801
1600     540675     2130948     2.3723711206065546e-06   5.748592695321566e-06
759     17666     181248     0.00013703508086377152   7.323696831220703e-05
745     3075     49412     5.8707352203857176e-05   6.879189747206043e-05
1602     17411     4276352     3.199443911155207e-05   3.9580454231064536e-05
2085     1283     155649     0.00037280764027615795   0.00010631794160594975
450     82946     558088     3.3741240769088216e-06   9.459158212434377e-06
917     1793     541698     2.6174284164705106e-06   4.4670428919348976e-05
311     17411     17666     0.00011321620323590297   0.0037926667396990105
2269     16451     25601     0.00044592439954256466   0.0008269514097715831
1836     17411     67714     0.00044378531568254313   0.00023430097895349902
364     16705     35842     9.874073269249917e-06   7.754086808729988e-06
441     33795     36867     8.833060442919607e-05   0.0002678385804891507
2292     148481     279554     7.722166858696221e-05   0.0001357881441174345
260     33810     66818     2.0182060143750183e-06   5.931789487098634e-06
1258     81937     4211714     9.947939059654904e-05   5.5618555770798315e-05
1798     17411     532490     1.5362602252113009e-06   1.247701855014604e-05
1620     17425     132225     0.00018546650402932456   0.00029028084870240194
1432     17411     263202     8.564689073374894e-05   0.00016564013034472486
2090     1539     279553     3.325148216232727e-05   9.206532049189108e-05
2003     17417     17418     0.0008091158731632717   0.0011798970110200341
425     540677     4326401     6.9085581404331705e-06   1.0718045698228179e-05
1796     1155     1066000     0.00018250181386215598   0.00012704634724173958
1490     12291     81925     4.1273531930808467e-07   2.6730712578761884e-06
938     17411     17600     0.0015310149756625597   0.0007818327374255595
147     17411     33802     0.01381928725316058   0.0023873945816587864
367     1297     148482     0.00011752173349562475   0.00025441340440725697
898     1539     541697     0.00036872177823710537   0.0007879682048194414
2039     17417     17456     0.0003111583313771563   0.0003809192830264063
969     17473     525570     1.3289100283978186e-05   1.777184408082675e-05
74     1539     4210691     0.01952705627597629   0.00103423755591057
374     17538     20768     1.1282252642524281e-06   5.724607863558198e-07
1180     19458     1130560     1.5643280447819623e-06   1.0468181281913274e-06
2149     1059     542721     0.000218541682702161   0.0003987864861271176
1618     1539     51202     0.0005460782234064263   0.0005202819234154766
1931     18435     4197632     8.076731068849364e-07   1.230200315004056e-05
1101     1410     148496     7.037444298073658e-05   1.3596052658932299e-05
587     132099     525321     0.0002945647825199281   0.00011398521585664987
869     1049     82945     0.0017933063239077539   0.00026336726301852496
1868     18466     2244610     2.3527528555964037e-08   3.0133010995473195e-07
956     132099     2100225     9.28390145958073e-06   2.8509082083262846e-05
496     17537     132610     7.651282305905346e-05   3.522474195410958e-05
231     1031     548896     1.5305729390272935e-05   1.5241484454255317e-05
622     1031     1180673     0.0007823015750503344   0.0006232656673858199
1314     16529     21506     7.289457649614891e-05   3.433922136695164e-05
2154     17411     25089     0.017881309710212064   0.0009688150212023153
526     148481     541698     0.0006080597767452484   0.0010207653389870557
1167     49155     81923     0.004053358598420933   0.0018581576010396265
1546     17417     66578     0.00020648090462730594   0.00020844874775387005
701     136193     212994     1.1171192043686697e-07   4.4449435418799314e-07
325     17413     36929     7.476145251685805e-05   2.3931170849360807e-05
1940     29     4211714     6.299449198910378e-06   8.769841282915604e-06
75     17426     17538     0.004085815694874543   0.0008324153136744225
2037     17411     37122     4.36398770371773e-06   1.8940686910526935e-05
1668     8199     4210697     1.8205911254671705e-06   7.813972108243797e-06
328     134146     4736000     3.7411917485086403e-06   3.8128122678653177e-06
873     1185     1067010     3.854474319790316e-06   1.2529514586738646e-05
85     1539     148482     0.005247441148179709   0.0013675934201961136
1661     17411     133137     0.0019209979324282692   0.0011674936935182946
1855     17473     20610     1.8070430464751943e-06   7.040690310516063e-06
670     17665     67073     0.00018721043211324595   4.3935453453148184e-05
1308     17413     263178     3.8166614267538304e-05   3.422370550835301e-05
1484     2059     50178     1.6108888751592505e-05   6.707909584806736e-05
1941     1059     548866     9.618515378017083e-06   4.0475705158951584e-05
1464     33797     525345     8.919759515984802e-05   0.00017594447481728432
1032     525315     3162113     5.258783320508732e-07   2.5348018504907997e-06
1400     16403     1097744     9.693768273110994e-05   1.9428670750462423e-05
707     1539     4210700     2.31438027412052e-05   1.2471649601983908e-05
2058     49155     54272     4.301569437829332e-05   5.627965532189853e-05
1474     16643     2098179     6.241343315885652e-06   6.554186325788625e-05
1147     16403     529409     2.078027410219428e-05   6.016145521943306e-05
1326     17413     17504     0.000355474872038959   0.0003767134973187792
598     17411     20545     0.00022866164581385165   0.0001564803883113126
300     1091     50177     0.002004674724917887   0.00231442855538434
442     263171     525315     0.00012071741950257762   7.210889399010764e-05
242     5123     4211713     0.0005099713253550866   0.0009338729580907641
1506     132099     6308864     1.3450425370195437e-05   8.680071299214633e-06
1138     525315     4243458     0.0004706468538742185   0.0001623331653482839
2128     3075     545792     1.288477693431936e-05   1.9673943955789107e-05
1310     17441     263234     7.600459071521766e-06   1.194059285870124e-05
1588     17411     1606656     0.00033662294627512316   0.00014731977645461366
1811     17414     18562     0.00029215855669456137   0.0008674326397196964
812     3075     49186     0.0009844223541595491   0.00030284189413255124
1662     16391     2105362     7.137374964733687e-07   1.246183533425608e-06
1922     17418     1704960     6.018411626857611e-06   1.7938931745368627e-06
1194     1289     541698     0.0001317692753180862   0.00011479643921263972
999     1031     51264     0.0019651621023243564   0.00012076700064128546
2131     16905     19458     0.0007480673607265338   0.00016818754778598092
2316     17411     132102     0.0007480932335931755   0.0038767461078798833
717     4355     541697     8.804496651504904e-06   3.2959243708328726e-05
950     1043     148544     0.0001900342839460159   5.3568383214321806e-05
398     33795     1049605     0.0008956290506434867   0.0009418068180937337
435     1155     149506     0.000982229584405848   0.00032082486814197936
2079     1155     548866     4.778055543616051e-05   3.370499176079476e-05
1008     17418     33812     0.0003034741516274765   0.0002583650885677181
789     1035     541697     0.0006117706939045302   0.0009934224500554836
2046     1539     2113554     5.36249350682186e-06   4.448541824267029e-06
1451     50178     787458     1.5243978100483578e-06   8.036385624678297e-06
1912     17411     40969     0.00025146036496767816   0.00039767720416207677
419     17411     526353     0.00012405563200298614   0.0006543099139428836
182     17413     17418     0.0034088866623847316   0.004167564646027664
2233     147459     2114562     1.805260258693285e-05   2.7980689106792618e-05
341     50177     83970     3.1439913762570216e-05   0.0002618493385902276
805     16395     25856     6.235083059044457e-06   1.194861904086967e-05
685     9219     81925     5.3632825291730156e-05   0.00020552754072010525
1229     1073     148481     1.1886844090243408e-05   0.00010468612301715314
2042     82945     558082     0.000136274448911332   0.00018590595791138716
2142     2098193     2098242     1.7142743011443695e-05   1.674249621794987e-05
2144     1035     5243010     3.913686556692861e-07   1.1377927842662737e-06
404     8199     4210691     0.00024683728173670094   0.00013757591619778116
718     81923     4214785     4.169965350348012e-06   9.332179870516676e-06
1786     1283     2113545     2.856507327229934e-06   1.160383170302308e-05
1224     1031     1066496     5.822065862365619e-05   0.00015162676902800979
1608     17473     17666     0.0005618327952245884   0.00023867891475423108
1340     6147     49155     0.00012114017389436661   5.2400802754949644e-05
1293     17488     181248     6.867892100098088e-06   1.0533969770427555e-05
53     17411     1049606     0.03415800092420065   0.004301293154528314
518     17417     525329     0.0011613690682191495   0.0003710382378647666
590     16658     19458     5.325534249615468e-06   1.832209859803022e-05
1285     3075     49161     0.0009254997475515012   0.0010208931133504487
378     1061     541697     0.00246850155379937   0.0003788870899842858
2029     132106     345088     5.50785543143773e-07   2.8014103449048434e-07
427     1035     148608     0.0001682576419533895   8.531061911425671e-05
1525     540705     2229250     1.9704360285356335e-07   2.483831046612059e-07
1391     17426     17428     0.0008552505888651585   0.0009913832329873293
458     5123     81930     2.9350571232296697e-06   4.634651204728786e-06
2173     17411     574464     0.0012690191613474117   0.0013982139025159796
799     17537     1049857     1.7494433938024798e-05   9.226983781310095e-05
222     5250     2114564     3.3829563811871686e-05   3.911272351657139e-06
1024     17425     18450     0.00015462570830365174   0.0002675521571261564
482     16395     35842     9.235173133603829e-05   0.00020035085083460063
1856     17538     34320     0.00017681962303642013   3.2867238048455645e-05
140     16419     25602     0.002412176575637264   0.0007079778873885258
626     1155     148608     7.559753141297043e-05   0.00016185530903267798
377     17538     17922     8.057510604730697e-06   0.00016018128682134954
1654     1059     1066048     2.9023957788623664e-05   6.370002666104196e-05
331     8203     1115138     1.405142394024352e-05   2.2869478825605824e-06
500     1035     4718595     1.3345335441883265e-05   1.756784745143739e-05
1211     132101     263178     1.384255564786654e-06   2.3814321215821917e-06
595     17666     689152     6.92020380673732e-06   7.178359739416846e-06
1001     17426     132130     0.00010286668445929793   0.00010365600875055165
1062     17411     525352     0.000416053527070525   0.00010302232502687577
1137     1157     1065988     0.0003608843426029297   0.0003971623109335278
2034     17411     803840     9.042029640671827e-05   6.921966789085557e-05
1315     17411     24833     0.013300898593565905   0.0013444519465610513
562     1073     82945     0.00032080021143040215   0.00019303632797096647
1206     16899     525058     2.064718365308995e-05   9.711622953428241e-07
794     17414     17426     0.01377642187182199   0.0032253413013584153
2279     17411     263186     0.00048407317037079143   0.0002761205247284289
1947     16465     19457     1.6694348128576334e-05   0.0001730564497460911
618     18435     1098752     4.144595826749452e-05   0.00016995877032391767
390     3075     278562     3.736557060089451e-06   3.837937183455367e-06
867     1043     90120     5.929705739096963e-06   3.7955619557569877e-06
2175     17473     17922     0.0003208366688101475   0.0004659857446891794
909     1043     1069057     2.2021667867224012e-06   1.9602875182036037e-05
1562     16643     4195458     1.9686109172254483e-05   2.1956312839297386e-05
1492     17666     24836     8.613084928435499e-06   1.2061752368315464e-05
2205     17411     17728     0.00048431266677632446   0.0001505924774106655
610     66565     4276226     2.5005965779157444e-05   6.201281162077816e-06
1571     17665     4276226     8.895475316818576e-06   1.6189512104724068e-05
132     17411     18449     0.04882867356043104   0.012089585427684445
1628     17414     1051138     0.00015585685082746182   0.00014259356967924558
32     16419     19458     0.03322125754732738   0.002621015971804185
504     1035     541704     1.4253737507977242e-05   3.9729009929090534e-05
535     147489     5243906     5.249080542623545e-06   4.853080702067557e-06
26     17411     1056771     0.019853807828988376   0.0005560145968207178
1821     17413     17420     0.000517568456492966   0.0016946870021011477
41     17411     17432     0.003971974159258174   0.004793614538206932
1801     25601     229378     6.069495311274282e-07   2.6120828170684133e-06
1538     16403     19488     0.0002839658691410093   0.00033711542577867314
719     1283     1542     0.00015380509091441195   0.00023140283595474577
1569     1043     82976     0.0007340304448049061   0.00036432191034474595
1447     16643     41992     3.773331890803097e-06   4.12325407675813e-06
142     17411     1049605     0.001991591648300076   0.004136310663755605
972     2146     1065986     2.2040656461572897e-06   2.3867956990376887e-06
557     1038     541728     1.8238703260416756e-05   1.936006090420172e-05
1795     17425     2100226     3.8071983791476006e-05   2.7565524993389105e-05
1605     17026     26626     2.1296727494094528e-05   8.154466441172518e-06
357     1409     50178     0.000556522748866657   0.0008674521642362058
1352     24706     2106370     2.7391172705785655e-07   2.5760822227476303e-07
493     1059     1065986     0.0019415758597527248   0.0009532923598005061
1827     9221     1065089     2.0811441115396805e-05   5.360468488354108e-06
1934     17411     66596     0.0013141998208619856   0.0007512246907484825
708     1155     1066016     0.00018537550176053578   0.00010119346428322465
711     17418     526466     0.00010572577787188342   1.0462102919798312e-05
1162     540677     5243906     1.3017289088146212e-06   2.928072470696066e-06
1482     275     4719617     9.274029370357203e-06   5.629139716059636e-06
1379     18435     2106370     3.6778394406827053e-06   6.599165227836902e-06
1443     17665     17922     9.383500954203341e-06   0.0003405392665171633
1729     17666     4849666     3.0757416111445586e-07   2.656589871243096e-06
1747     9221     278546     2.8800225318040765e-07   5.684778338669912e-07
448     16643     2108416     1.2387215957470362e-06   8.436998892447456e-07
833     16395     4195337     9.547797976721947e-05   0.00021565559914419095
2160     1031     50184     0.0009476700428028945   0.0011549132200310785
1316     1064965     4457474     9.370374213130515e-07   1.1293096861692583e-06
1496     1043     82946     2.050089509584251e-05   0.0011093382110349157
1566     17413     18466     0.0026507786301465395   0.004115994382882205
959     3201     1065090     2.119053074156673e-06   2.03047495568037e-06
1709     33921     2146305     1.2350331629884429e-05   9.664776649613988e-06
1610     17537     34050     0.00037099465028896507   0.0002164231846793319
1632     68610     5260288     3.9556212271536246e-06   3.394125239845682e-06
408     1091     1158     1.2222810475497042e-05   0.00013242971227776952
935     21506     26656     5.5748351900390985e-06   3.053996439922036e-06
710     8259     1066496     5.221002331817926e-07   7.589135025070444e-07
2108     9219     49157     0.002242670480851833   0.0013160422980327004
1025     17537     67074     9.567600059633989e-06   3.545148703313939e-05
2275     1043     279554     0.00027615342049995507   0.00013890292814534443
659     1059     148512     0.00024155358468951966   0.0001281264625657377
811     66566     1131520     2.2374452971919532e-05   7.627544974583996e-06
2277     17411     4734977     0.0009113062415805338   0.0007474651454947439
2209     17417     17474     0.00023868297671035443   0.000646018622029566
1286     17921     4751362     1.1099693180660429e-05   1.6444550794034924e-05
61     17425     17474     0.0040329072904897265   0.0009068227192612405
327     18437     20498     1.1209686028619965e-05   3.525917978717525e-06
725     1157     590850     8.27322847997638e-05   1.8294478820098477e-05
797     1545     50177     3.4683734002701663e-05   0.0001327402187926702
872     1064969     2163714     4.4963456314401155e-07   2.639349288922638e-07
1402     49155     4457473     2.089842990638812e-05   2.169968541357042e-05
128     81923     4211714     0.0028233387390588114   0.0004993420193748003
98     16643     4195331     0.005423940522395031   0.0004128619986697631
640     1061     50177     0.0032435362279774017   0.0019052200142903124
2145     17474     18690     5.724362738995842e-06   1.9547080673702223e-05
2287     17411     410624     0.0002561412072589002   0.00013732652809318987
603     5123     147490     3.755113842615434e-05   2.390443741113736e-05
1925     65571     267265     1.3417149981831824e-07   1.80946919209415e-07
1230     5123     147466     1.757517870989062e-05   8.304909198344097e-06
2012     1031     542722     5.341450713827044e-06   0.0001352417146157258
2111     16391     1048595     4.137525692337627e-05   0.000249398170238878
581     1050     1065988     2.119939706215247e-05   3.8774931964691745e-05
514     16395     4342784     3.722466705222611e-05   8.070729722776386e-05
850     17411     33798     0.0004618938695879213   0.012453081563217156
541     17425     1049634     0.00017554523972431233   0.00028656454836489137
988     16403     16899     0.00014308641479075123   0.0005735658785880101
362     18435     24705     0.00023813236134745915   0.00019932782956485093
1223     1031     279553     7.200477815609822e-05   0.0005755141670409123
1383     17921     4243458     2.3833599447768893e-05   0.00015410166160987566
1675     1169     1069058     2.054785781954288e-06   1.6240857627176299e-06
1217     50178     148488     0.0007714819396398506   0.0003509503237883155
682     1031     155649     0.0003927347074569313   0.0009609353033502544
1365     18435     3162114     3.4084469100087168e-06   1.634227919796657e-06
2332     16899     25602     1.4243287136101304e-05   0.00023050681663716407
1469     1043     541728     0.0006275745994791486   0.0002147360144057305
361     50177     1574400     3.2896011856691943e-06   7.376021437272623e-06
2099     1539     2113569     1.7475600881311913e-07   8.608442887743298e-06
295     1409     148482     9.502023603396311e-05   0.00016197112874665313
1603     17441     525442     0.00011032000577298008   0.00027274612598491465
1595     33795     132609     0.00037151436813619073   0.00019844267762865185
649     5123     49157     0.00027092921864252406   0.0006144924078140925
449     1065089     4719618     1.2536973036034305e-06   3.5350583554932824e-06
1861     17537     2637826     3.72111003112624e-06   2.239349988920989e-06
2196     16391     16395     0.002747899499360479   0.00448693854120029
1991     17665     525825     3.3824549818444566e-06   2.855613614313492e-05
267     16465     19458     0.00026344954366074437   7.062252377268697e-05
744     16419     2098179     0.0005302103535302615   0.0002639365227393349
239     16529     25664     5.7284809671130784e-06   2.343646576399247e-06
371     2179     1065985     0.00021312551912402186   0.00011399597935035494
317     50177     541697     0.0005820055804485785   0.0028791593958141866
1416     1091     51201     0.001388552008421581   0.0006360504912908064
1509     17418     66570     5.1714470176261e-05   2.3234213074568743e-05
1067     5126     1065090     8.027796017446184e-06   2.42877309790696e-06
1500     16899     70658     3.192965747262728e-05   2.435154859405186e-05
454     16391     21520     1.2052723819072119e-05   5.902534473779595e-05
2301     17411     20609     0.0010470169867854969   0.0006758947070525631
1548     16451     66058     3.6405759952318696e-07   1.090019082723296e-06
316     1185     148482     7.612017311510052e-06   8.773501035381953e-05
1369     1098     50304     5.634358526172136e-06   7.850511204536789e-06
429     4611     148481     2.3779466479227567e-05   2.2808994281428975e-05
1958     33795     132129     0.002020853540812178   0.0006805458192780614
1488     9219     4212738     1.766548745138177e-05   0.00013019040029600034
1462     1283     4211201     8.24152383113197e-05   7.835114598075397e-05
1584     1091     4210818     1.1696325095329711e-05   1.7184050554341333e-05
1282     18945     4203521     3.7235335944692466e-05   7.681669330911749e-06
1996     17413     17952     0.00045903386901008505   0.00045656488497029194
574     17411     1213440     0.00038399877906765666   0.00029015848747104253
1762     3075     2622465     1.897217753045379e-05   9.283830106509183e-06
1017     16403     2098209     9.447968986579105e-06   1.7230527017421873e-05
1108     16515     4277248     2.1263759744552615e-05   5.361975406036551e-05
739     541185     4211714     4.811812254508332e-06   1.227138024602727e-05
1889     34049     67074     1.4153742065357795e-05   2.462533897532598e-05
860     1185     541698     9.782125179776098e-06   0.00014521345382557848
1612     17441     66817     0.00010028037163187773   0.0001600666590855297
92     17411     1049617     0.0015462664205551748   0.0026467027796850903
2123     1539     548865     4.2812945456904276e-06   7.307768651259827e-05
155     17411     133123     0.054050565898059184   0.005422987764547663
2045     17413     66818     0.0003801743022776483   0.000257316493563878
1619     1539     4718595     8.773895994680905e-05   3.3358002361855484e-05
58     1283     82946     0.002624805848960182   0.001220734685092967
180     17441     17666     0.0015598824407892832   0.0008487817888543501
1613     1065     83456     5.009542981220743e-06   4.880375041799537e-06
1035     17473     132610     1.3396703566489294e-05   4.026334912210709e-05
1398     81923     4211713     0.00029043626444869296   0.00048489635348848687
2036     24579     4358146     1.078801002602413e-05   8.92787223973118e-06
194     1031     1065985     0.0019462756942154173   0.0030765606512887385
125     3075     49155     0.0522208874258807   0.004270351265331547
1478     33795     132106     7.487637759695283e-05   0.0003657451192155711
1183     17538     2244624     1.2557830685405774e-06   6.895061907606421e-07
1053     1545     1065988     6.254857811682386e-06   3.990654946862549e-05
832     1031     1155     0.0002248164565027274   0.004583512051757168
627     1157     148481     0.0006469062126198467   0.0006579262635478246
1730     1056771     2106369     1.2566520112921523e-06   7.954804677166415e-07
954     16403     21632     4.216988184604632e-05   3.9593841460457355e-05
345     135171     4341761     4.687953707978725e-06   1.1839315327318596e-06
1804     1035     548865     2.813586262415707e-05   5.6996215987184194e-05
310     17411     1050368     0.0004893206607891779   6.59830305691423e-05
1274     50177     394241     3.654296191298736e-05   3.824703141371864e-05
1508     3075     82434     1.0611257401531583e-05   3.056139861126306e-05
2294     1035     1065985     0.001095064444627437   0.0007509340003315286
843     4355     541698     2.216181745876824e-05   1.461600817701446e-05
1954     5185     2114561     3.31040590858762e-05   2.706469190608728e-06
292     1155     99840     1.0997962074249024e-05   1.638924993383342e-05
604     17413     263426     9.438285127719025e-05   4.9926636569132926e-05
571     1043     548865     5.553916452111334e-05   6.60589257793555e-05
2138     17442     27648     0.0003916525796838962   0.0002444777746125966
593     5377     2114564     0.00018133633769873065   2.5560391475689067e-05
1068     147462     4260866     9.262479435593648e-06   1.0055932112354176e-05
588     17411     525442     0.009349378816502   0.0012548747698057877
1102     17413     24834     0.0001012868365316253   0.00011152772198136981
193     17411     1049730     0.0016974924592616234   0.0010331037638442542
2125     132099     132130     0.000106336153458762   0.0003821162617648979
200     17411     24609     0.0017519691670522884   0.0007459561990983334
1422     17665     4197378     1.154921462361843e-05   5.01313594438545e-05
1004     1283     148496     0.00040234028146092136   0.0002403436609472221
160     1043     148481     0.013794694763934575   0.0026977941945482173
1664     17411     4292610     0.0006981873368903763   0.00011105154298952287
1189     16457     74753     4.29361392141398e-06   5.562057101321209e-06
689     9234     540802     1.854906362822694e-07   1.026128756401005e-06
15     17411     17473     0.0036259218534595667   0.008178186730631278
1335     19458     114752     2.1760071229645725e-06   3.836319389096053e-06
2083     20483     181248     5.122249577771212e-06   3.397122755048643e-05
1280     4115     1065985     6.7001587171678556e-06   2.4832256947570272e-05
1637     1158     50178     0.00023205455388474792   0.0003422100012919247
1959     17413     2654210     2.4257695956018887e-08   4.106460912442617e-06
639     17425     528642     1.1433128203131439e-05   1.233954246824704e-06
2240     17411     345088     8.713118608091377e-06   9.948583503342858e-05
2049     8451     541697     6.401089655103104e-05   4.9138078629521164e-05
403     1035     1073154     5.178543744914781e-05   2.8835029917264962e-05
1317     1185     82946     3.584137880004693e-05   8.54758209765774e-05
1472     17411     66625     0.0009199711415916081   0.0005960587376290883
1248     9219     540929     5.877029714157721e-05   2.7505422216477175e-05
28     17411     4243458     0.03656291834403364   0.003316113647568241
2169     5123     2114576     2.904681548852247e-05   2.2593667861365527e-05
1834     81925     1065089     9.905932988370163e-07   3.9573110564221685e-06
2235     16515     2098179     0.0008525761978580559   0.00020648260493971965
1201     17411     3211296     9.899865871878977e-08   2.1382316810945568e-07
1     17411     17411     0.6166922311573755   0.1904779991786914
72     17411     18498     0.00593924813670688   0.0010340059297465713
2124     17411     17984     0.0003450348922929911   0.0002625715254408365
130     17413     17922     0.027836310269313633   0.004580337641285097
633     16646     25728     4.03737979767828e-06   7.796275686859637e-06
829     49155     4218881     7.14789935164457e-05   0.00014916050361695284
188     1155     1065986     0.001816797111847507   0.0008929401549767665
853     17411     263201     0.0003487772745341181   0.0001644142750158225
1933     17411     1049729     0.0003452924059535803   0.002101875753773945
1414     1043     4210691     0.0005134719113519587   0.00046980117717252226
1202     17425     74241     1.8256093534474517e-05   7.04576326859067e-06
815     33795     5259266     4.169928722929932e-05   0.00018615463648340153
1866     17417     2244609     6.127662887807407e-06   1.1002901981811678e-05
1205     16643     4195334     0.00015430186720531946   0.00011649123233450597
553     17413     263297     0.0001655714901827937   0.0001295225000671957
189     17411     24581     0.002639360880528155   0.005712574598112178
1436     17411     34834     8.345173228076844e-05   0.0013290296789649253
2020     323     4211714     1.3976782272211484e-05   1.7530524823349662e-05
2226     1091     82945     0.00041701278883972084   0.0008300770457018396
760     1059     279554     3.1656091082571874e-05   0.00013307081100946764
2321     1091     1065986     0.0006429747556048714   0.00026837610108886706
1646     1217     1065985     3.5721907915507192e-06   3.2200991453181594e-05
547     16403     21505     0.002877783023840081   0.0008642906463214844
1634     17418     33810     0.00030548935420174887   0.00015323082031148526
1787     17441     525441     0.0001242417633717589   0.00026624050825476325
1867     1155     149760     4.013803951318243e-05   2.0244890031383854e-05
1540     540675     4211716     0.0005431810146227192   0.00016017521934031268
803     1059     1098     1.6564931482871917e-05   4.630521059881044e-05
508     18435     4276226     7.508878300817696e-05   3.1532181993574124e-05
1765     17413     24596     0.003173911273232369   0.00036679573430868265
1226     17411     19008     9.022760544612036e-05   6.035464463653765e-05
906     3075     147586     0.0004849599789718249   0.00012204411912692027
688     1043     50432     3.4009928626508554e-05   9.684683110797808e-05
65     17411     17552     0.001527945206962231   0.0025134843419424677
2156     263233     4197377     1.2804109977700433e-07   3.19528388428548e-07
45     17411     36867     0.005508922900024442   0.0009596679496159745
1764     81923     4228097     2.453309767943563e-05   9.912210601579402e-05
2113     17413     17426     0.0010603297124187295   0.006046660683870202
418     49155     294915     7.254390810993261e-06   3.429476060236559e-05
596     33825     607232     0.00010959208417840107   1.3399954654246954e-05
1406     17425     1049858     4.5791182665262937e-05   0.00012712127630194666
1714     81930     4211714     1.4084370162069672e-06   1.9440321441730702e-05
2     17411     17417     0.06491852314781547   0.06381068025370694
2057     16403     25601     0.000291324444105448   0.002713178427995795
1757     5123     49185     0.0002151648381986364   0.0001089151751371248
1428     147585     4211714     5.609039424750821e-05   2.5821591909614136e-05
2265     16391     21506     0.0005028772982663544   0.0006538391689574331
1367     66563     1056777     5.376577908919805e-05   1.0174711555067418e-06
2120     17425     33825     0.0017550139654913012   0.0010360708201931424
1434     4481     148481     7.563306501303984e-07   1.6664296179773018e-06
713     16643     4785152     7.498184647330989e-07   9.223418413986913e-07
1561     17442     17672     3.072697032970679e-05   9.89834423947625e-05
821     17411     263173     0.0009053831526768417   0.0010724343409217192
690     50177     148481     0.004943972669050619   0.003197766962302189
625     17417     33858     5.590661868990507e-06   0.0001029614310339828
1174     16546     25604     5.100732422815236e-05   2.803164117458619e-05
1069     1091     279568     6.328266935360113e-06   4.953938155555946e-06
1355     17538     18690     1.0672764345575164e-05   4.3003463694655035e-05
1598     1061     1065986     0.00014266153367878845   0.0004769957182233614
1886     5123     196613     4.501408699144666e-06   4.948328062915413e-06
1883     1155     155649     7.314334923948708e-05   0.00010582542356581594
426     49155     49217     0.00017901105744639684   0.00029505760095611727
2223     541697     541698     6.60714021061682e-05   0.00026877242416646234
480     49409     5243906     0.00012373446163614637   4.761161546119217e-05
737     1059     4210753     4.348543421932533e-06   1.7759223820685985e-05
882     387     147459     2.617813537593831e-05   5.875687699030912e-05
1708     3075     278658     5.916400066339007e-06   4.005905595004595e-06
1819     81923     4326402     0.00014093667122441248   9.689213988752388e-05
1872     24579     24706     0.00011940435536485242   1.2652398195920442e-05
1880     132102     1590272     7.431077460102252e-07   6.839379895836603e-06
2204     1035     279553     0.0003778248642428272   0.00017557318944101831
2241     278531     2114561     3.450483411573308e-05   8.419028396171645e-06
252     1035     279554     2.143066334562664e-05   7.743741102824532e-05
554     17441     270466     2.3414346466610468e-06   1.0244424272423121e-06
738     1155     2113569     5.775556259574337e-06   6.198878140068523e-06
1083     17411     17420     0.000577139468370669   0.0034637172828091843
1139     17426     17540     0.0008946324752204155   0.0008275481534014014
1816     1073     656386     4.583544763152049e-05   1.549333872214107e-05
1594     8451     50177     0.0040429380112335855   0.00026637047662112753
1870     16395     16403     0.0012061626557630135   0.001584653244442303
666     1059     197633     0.0006156908068400102   0.00017304713956845625
600     17411     2244609     0.0003555589908917225   0.00017616696517040658
1832     17411     34849     0.0003167401341988255   0.0009175249318565642
469     17413     17984     0.000116160435438579   0.00012115513808793386
955     16899     21505     0.0006596716666998241   0.00031773770768894646
651     17537     4734978     0.00011451910492635808   2.7442919349731837e-05
1969     16515     26625     0.000180720475440526   0.00034361284722903576
1884     12417     2114562     3.365377647381561e-07   1.2789792502694604e-07
453     1073     541697     0.0008860568860438874   0.00012990668094509117
1754     1043     2116608     1.1914937438759161e-05   2.5694157676691438e-05
2146     147459     278531     2.9393785450078016e-05   3.7274972497913764e-05
824     49155     540682     9.873271044231013e-05   5.937732187060875e-05
1050     16517     19520     4.4105971708897596e-05   2.6654308606517527e-05
2155     24593     4734978     1.164338182671044e-06   6.485016809115253e-07
135     17411     132161     0.0035803030804657716   0.0005384899079601206
1887     264195     2244610     1.593291735175931e-09   8.336784459058e-09
1718     1031     8199     4.398574755623628e-06   0.0006933010833312611
164     17411     40963     0.0034752977690270265   0.00405281345887293
1806     18435     24581     0.0001622386392025311   0.0005628750354263214
529     1059     86018     9.299704370150334e-06   9.724042568100705e-06
1780     17537     2102274     6.510850651786236e-05   4.601773548320406e-06
552     16391     25728     0.0001200393210042469   0.00020849200829387653
273     1035     544800     8.476684011653255e-07   1.462430722677125e-06
2107     17425     17696     8.466805691106902e-05   0.00016935811796447406
2130     1091     4227077     8.432433236766372e-05   4.004129069128485e-05
265     1059     279553     0.0002878622042564651   0.00025025260710637913
413     17537     17665     0.0004094988743132495   0.0013799655969974698
488     525315     4276226     2.361311105673695e-05   1.7612499717259414e-05
1551     1059     2113542     5.382259842778492e-06   2.980043887699945e-05
1029     7170     541728     1.3747044640829307e-07   2.4473774945905725e-06
2112     1157     541698     0.0004514274711494142   0.0003678899598303809
977     1162     279680     3.040776798214083e-07   2.851553097891339e-07
823     16395     19460     0.001056043093490173   0.0008289331289914785
2331     16451     16899     0.0006780990033732608   0.0003120478613727013
1670     279554     1115138     4.901226310076032e-07   1.8417236151213134e-06
339     18465     4243458     6.638655545456475e-05   1.6712816339484423e-05
1178     2055     50177     0.004851975168526804   0.0014517352002521497
1323     39     540801     4.919503049658406e-05   2.0562121122250597e-05
84     17411     17924     0.028039775326978676   0.002162984682401049
1652     17411     263425     0.0006376496402294259   0.000257777134924655
1707     17413     132226     0.00471272537555925   0.0005686910261329327
2014     1091     82946     0.0004979675163295817   0.0004129927979317266
1686     1155     50180     0.0015959705170116444   0.003913596319389548
432     5123     655369     8.388358203314757e-07   1.103309682882652e-06
2091     49155     4260868     0.0003770395674854841   9.359670233492228e-05
632     17411     1052675     4.608179589843504e-05   0.00014681621870604088
1792     1064963     1179651     0.00011154541781026519   5.651830898694026e-05
761     17425     4197378     0.0005125563194285488   0.0001353555799086654
159     17411     1098752     0.031317736256155665   0.0028840903381484777
2197     17538     17936     0.00021873913040395475   5.169289815398503e-05
584     17411     132108     0.002730977732779894   0.0005802076113346179
851     16466     19458     2.4521571645402043e-05   5.144947630996239e-05
1638     17426     132354     4.586222856643052e-05   3.377904933545924e-05
337     1049603     2146306     4.654810365997757e-06   3.7654229935290736e-06
1014     17538     132232     1.503695105903692e-06   7.79567651098496e-06
1601     1035     83008     7.359470375243876e-05   3.3120637408778545e-05
567     5249     4211714     1.0225601271754278e-06   5.347441919039411e-05
656     263171     4341762     1.4802133799301976e-06   6.601716174460762e-06
342     49155     163843     0.003500423172376605   0.0006126021495862075
2040     1061     541698     0.0003853636464684516   0.00020217701182057864
2222     16395     21505     0.00028980555428576867   0.0005155357841929899
1052     17411     73731     0.0008431243608753087   0.0007009178559116862
726     16403     16406     8.31122155833874e-05   0.00018529970064648765
2251     17411     20737     7.858505578950758e-05   0.0002126420333682028
2110     17417     525442     0.0005679322636567609   0.00014047243608021135
184     1539     1065985     0.005236902492163256   0.0005323154965318538
743     1091     279554     0.0002897676916298861   3.1503182925367595e-05
1897     17665     1050114     0.0005153971238504759   5.314126876236555e-05
963     17473     132226     1.300667413674091e-05   6.05057895121059e-05
1745     1297     50178     0.004081208872891048   0.0010318913369853511
1275     33795     66696     4.1376029211680565e-05   5.455044358116363e-05
2188     1059     328712     3.186539185534816e-07   6.939027045071275e-07
837     17413     17928     0.0008448567629167448   0.0005372394128043893
806     3075     4228352     1.5469490609837455e-05   1.5803763047263366e-05
38     5123     49155     0.003599680236618047   0.0009331980068971356
12     147459     4211713     0.0017725795236592423   0.0008526033449863711
1441     1121     282626     7.141176698233313e-07   5.100446810889003e-08
445     1035     2113539     0.0003159924487281362   6.295051820417584e-05
1744     9219     49186     3.959936283768854e-05   9.119618546432638e-05
1890     1283     148992     4.851349255194962e-05   8.225504860438407e-05
1081     43     2163714     1.5794759992046634e-07   3.380576324011859e-07
1828     17411     264202     2.5150192039032378e-06   7.501774960686911e-06
88     17411     66593     0.0027725807701815116   0.0018949714560507398
827     1043     1066112     0.00015075998153729834   0.00012696442236996553
48     16899     19458     0.01269001048187874   0.0021532637019823424
1307     17411     4342016     1.4830537222852413e-05   3.5402631871279005e-05
2141     17921     17922     0.0006247987148423646   0.00036352356594904054
878     16409     3163136     2.6249542723931975e-08   3.1253955896158934e-07
1498     17411     270465     1.805105661499101e-05   1.6509697092389818e-05
1738     3201     82178     8.410537682859584e-08   7.135455270916875e-07
376     1031     590850     2.204198748625138e-05   0.00012212950655857445
765     1283     83072     8.036262095018403e-05   0.00011801956563769369
1742     1155     1155     0.0034878263577515184   0.0013805778511353569
836     1601     279554     2.2437578755731408e-05   1.7910434312799084e-06
1396     267     2121729     3.155438187572851e-07   6.456484727816667e-07
2082     3075     1068032     1.089469892070609e-05   0.00014084679446440618
396     17441     2179074     9.935309842415362e-06   3.9005981489569745e-06
753     18435     20483     0.004772099683489663   0.0004919332908236679
838     180225     2638848     1.0131848035046093e-08   1.2944658203438101e-07
1098     25601     4280320     1.469583835831034e-07   2.1255309912010514e-07
1775     33857     1049858     8.516368783409017e-06   1.2437299301093063e-05
691     16395     32899     0.00046796483829767105   0.0002855902080548064
1381     1035     1068     0.00010981889527876617   5.445176756012114e-05
856     17411     36994     0.0002649713621662035   0.00014520883018870527
580     21506     25664     7.870654993228467e-07   4.526511479440695e-06
1236     16419     26625     0.0004527316678103121   0.00042944295569148606
1336     9219     540675     0.0007792890948024061   0.0004404676165239348
320     18435     139267     4.076323032631318e-05   0.00011009886857407486
1735     16395     25616     1.3685074249419373e-05   8.306997584230623e-05
1057     17417     33828     0.0011320060382597182   0.001070322243768178
350     1121     50177     0.00018539534744038482   0.00016579342327851338
1826     17411     532546     8.559170897501194e-06   7.594202908367357e-06
1385     19457     74816     1.534345272374196e-06   2.1344224314964456e-06
1532     291     49155     0.00010946208729066304   7.444543857772665e-05
1023     3075     1064963     0.00015417011706640875   0.0009083633065452337
1287     148482     1082880     0.00011698270831554033   2.617388183204316e-05
1888     50178     1067136     0.00042400998075967474   7.66468488619778e-05
1499     33795     1049744     5.047666667774663e-05   7.892652750349798e-05
50     1155     4210691     0.003082435414848421   0.000555252019303988
141     1059     541698     0.005517788151527195   0.0007638075078502678
171     17425     17666     0.00866142139824709   0.0009572412479056413
660     49169     81954     0.00010617265045809097   1.588922568360892e-05
1389     17425     17444     0.013754049892368015   0.001751857602454553
466     17413     18945     0.00046892458274177596   0.0012557472203242137
323     17411     679936     2.046947395271257e-06   3.983121381262524e-05
20     17411     66563     0.03180450298246004   0.02091629495204667
161     17411     17792     0.001660660614385008   0.0009754861239420222
1494     263171     525345     1.969445414661115e-05   5.179209029078942e-06
1197     1049     541698     0.00013077850815012263   0.00012089031256788016
1539     24579     24581     0.0016244049829780504   0.0004261498873048889
948     1043     656386     5.83852390143173e-07   3.715982025276978e-05
1115     2179     50177     0.007565337149259925   0.0004960597509095333
358     17411     18690     3.56383470683628e-05   0.0005342034282283275
1917     17665     41473     1.7744313437035568e-05   9.634644556010658e-06
126     9219     49155     0.002023870046815993   0.001805819297486078
1550     148481     6292482     8.306413877663847e-06   3.6058827777892913e-06
791     50177     2506752     2.7308053245176243e-08   5.5245776216396594e-08
1640     5123     82178     4.8389807540699505e-06   3.2857856806208714e-06
178     17413     17921     0.0012676579119760283   0.0038217080685295952
864     1155     57345     0.0015158490512755367   0.00045682688368479463
953     5153     87040     6.547324724058764e-06   1.1594318435353545e-06
986     132099     132099     0.014722089894772923   0.0026209713668138217
1727     1155     280577     3.7023838709110715e-05   3.66617571178133e-05
2056     24579     41089     8.657494708966909e-05   2.1305989141787632e-05
1334     1091     5324800     3.284588157399812e-06   7.949565977426248e-07
896     278531     4211713     0.00012922952321394016   6.0812420589147683e-05
183     16403     25602     0.012047557289447931   0.0005311945150596581
585     16391     32818     0.00019105763948090406   0.0001080942292767217
1358     1553     1067009     0.00014622276172876166   6.093111889813302e-05
1321     33795     525315     0.013846397613570979   0.0032639421061849776
340     16899     22530     2.3693983440550124e-05   3.606943974941464e-05
564     17538     581632     2.2325987269180997e-06   4.997138757612649e-06
1410     1064963     2114562     4.700478048119173e-06   1.1007131048342086e-05
285     1541     82945     0.00010764884219381222   0.000332364439649908
2026     49281     4214785     1.5874229458853672e-07   2.8566704208090977e-06
724     16643     25602     9.371361939927456e-05   0.00023379384045608587
1923     17411     33921     0.012236849281900282   0.009996816428280457
447     1539     280578     5.272861636236155e-06   6.2595776134896725e-06
876     147473     2115586     1.8086468763364218e-08   2.2871136127850475e-07
1970     525315     5259265     2.021104282187961e-05   1.564405337192806e-05
1531     17411     66817     0.0009533357978067338   0.002152915011692702
1568     17411     4390914     0.0002113258392488573   4.237126017047621e-05
899     17473     33922     0.0005794083540221217   0.00036638417766899836
784     1059     1073153     2.1871115280690597e-05   6.425721319009008e-05
1160     24579     4204545     9.367956779553356e-06   9.7665425958573e-06
1997     17425     17473     0.0005618482171584076   0.0007421887940381446
1270     263171     525826     1.933420897522609e-06   3.533017356882344e-06
2238     17411     214016     0.00041259055813145946   0.0006617569325859765
1037     1539     155650     2.115178126586375e-05   6.719438346673213e-05
1994     16577     19458     0.0001339001263399621   5.2988852297369794e-05
2119     1121     51202     1.4126045453977647e-05   2.051122938781359e-05
1065     1091     149505     0.0002063337106685408   0.00032219275353070773
855     24579     115712     1.0360947092785833e-05   4.858305422295162e-05
2081     1539     544770     1.167154050245089e-05   5.43789374666212e-06
2302     540675     2114561     0.00014637986050825518   6.489133635360117e-05
2322     17441     17921     0.0006043080014620624   0.000469239782679407
1876     26625     606210     2.2121048985387185e-07   2.4666632923495243e-07
615     5123     49409     2.1152292194980055e-05   3.768980150722493e-05
1331     409602     4342784     1.1298454650376014e-07   1.1620763456417543e-07
2253     5123     540675     0.0012622288865367431   0.0001794665431597465
1284     5633     2121729     2.9160509821728896e-05   5.582522259192396e-07
1297     1155     57346     0.00010531703106205344   0.00018940229402265602
1852     9219     2117633     1.083673070258699e-05   3.5800161272952373e-06
1515     16395     21506     0.000194488291494303   0.00011050627409483095
